Arguments: 
  C:\Program Files\nodejs\node.exe C:\Program Files (x86)\Yarn\bin\yarn.js add @rollup/plugin-commonjs @rollup/plugin-resolve @zrlps/rollup-plugin-resolve

PATH: 
  C:\Program Files\Git\mingw64\bin;C:\Program Files\Git\usr\bin;C:\Users\v_zhtaozhou\bin;C:\Program Files (x86)\Common Files\Oracle\Java\javapath;C:\Program Files (x86)\Common Files\Intel\Shared Libraries\redist\intel64_win\compiler;C:\VulkanSDK\1.2.135.0\Bin;C:\Python38\Scripts;C:\Python38;C:\windows\system32;C:\windows;C:\windows\System32\Wbem;C:\windows\System32\WindowsPowerShell\v1.0;C:\windows\System32\OpenSSH;C:\Program Files (x86)\NVIDIA Corporation\PhysX\Common;C:\Program Files\NVIDIA Corporation\NVIDIA NvDLISR;C:\Program Files\nodejs;C:\ProgramData\chocolatey\bin;C:\Program Files\Git\cmd;C:\Program Files (x86)\Yarn\bin;C:\Python27;C:\Program Files\Ninja;C:\Program Files\Nginx;C:\Users\v_zhtaozhou\AppData\Local\Microsoft\WindowsApps;C:\Users\v_zhtaozhou\AppData\Local\Programs\Microsoft VS Code\bin;C:\Users\v_zhtaozhou\AppData\Roaming\npm;C:\Program Files (x86)\CMake\bin;C:\Users\v_zhtaozhou\AppData\Local\Yarn\bin

Yarn version: 
  1.22.4

Node version: 
  12.17.0

Platform: 
  win32 x64

Trace: 
  Error: https://registry.npmjs.org/@rollup%2fplugin-resolve: Not found
      at Request.params.callback [as _callback] (C:\Program Files (x86)\Yarn\lib\cli.js:66096:18)
      at Request.self.callback (C:\Program Files (x86)\Yarn\lib\cli.js:140748:22)
      at Request.emit (events.js:315:20)
      at Request.<anonymous> (C:\Program Files (x86)\Yarn\lib\cli.js:141720:10)
      at Request.emit (events.js:315:20)
      at IncomingMessage.<anonymous> (C:\Program Files (x86)\Yarn\lib\cli.js:141642:12)
      at Object.onceWrapper (events.js:421:28)
      at IncomingMessage.emit (events.js:327:22)
      at endReadableNT (_stream_readable.js:1221:12)
      at processTicksAndRejections (internal/process/task_queues.js:84:21)

npm manifest: 
  {
    "name": "nm-service",
    "version": "1.0.0",
    "main": "index.js",
    "license": "MIT",
    "dependencies": {
      "element-ui": "^2.14.0"
    },
    "devDependencies": {
      "rollup": "^2.32.1"
    }
  }

yarn manifest: 
  No manifest

Lockfile: 
  No lockfile
