[1/4] Resolving packages...
info If you think this is a bug, please open a bug report with the information provided in "C:\\Users\\v_zhtaozhou\\projects\\AppEditor\\apps\\nm-service\\workspace\\yarn-error.log".
info Visit https://yarnpkg.com/en/docs/cli/add for documentation about this command.
[1/4] Resolving packages...
info If you think this is a bug, please open a bug report with the information provided in "C:\\Users\\v_zhtaozhou\\projects\\AppEditor\\apps\\nm-service\\workspace\\yarn-error.log".
info Visit https://yarnpkg.com/en/docs/cli/add for documentation about this command.
[1/4] Resolving packages...
info If you think this is a bug, please open a bug report with the information provided in "C:\\Users\\v_zhtaozhou\\projects\\AppEditor\\apps\\nm-service\\workspace\\yarn-error.log".
info Visit https://yarnpkg.com/en/docs/cli/add for documentation about this command.
[1/4] Resolving packages...
info If you think this is a bug, please open a bug report with the information provided in "C:\\Users\\v_zhtaozhou\\projects\\AppEditor\\apps\\nm-service\\workspace\\yarn-error.log".
info Visit https://yarnpkg.com/en/docs/cli/add for documentation about this command.
[1/4] Resolving packages...
info If you think this is a bug, please open a bug report with the information provided in "C:\\Users\\v_zhtaozhou\\projects\\AppEditor\\apps\\nm-service\\workspace\\yarn-error.log".
info Visit https://yarnpkg.com/en/docs/cli/add for documentation about this command.
[1/4] Resolving packages...
info If you think this is a bug, please open a bug report with the information provided in "C:\\Users\\v_zhtaozhou\\projects\\AppEditor\\apps\\nm-service\\workspace\\yarn-error.log".
info Visit https://yarnpkg.com/en/docs/cli/add for documentation about this command.
[1/4] Resolving packages...
info If you think this is a bug, please open a bug report with the information provided in "C:\\Users\\v_zhtaozhou\\projects\\AppEditor\\apps\\nm-service\\workspace\\yarn-error.log".
info Visit https://yarnpkg.com/en/docs/cli/add for documentation about this command.
[1/4] Resolving packages...
[2/4] Fetching packages...
[3/4] Linking dependencies...
[4/4] Building fresh packages...
success Saved lockfile.
success Saved 1 new dependency.
info Direct dependencies
└─ element-ui@2.14.0
info All dependencies
└─ element-ui@2.14.0
[1/4] Resolving packages...
[2/4] Fetching packages...
[3/4] Linking dependencies...
[4/4] Building fresh packages...
success Saved 1 new dependency.
info Direct dependencies
└─ element-ui@2.14.0
info All dependencies
└─ element-ui@2.14.0
