Arguments: 
  C:\Program Files\nodejs\node.exe C:\Program Files (x86)\Yarn\bin\yarn.js add element-uixxx

PATH: 
  C:\Users\V_ZHTA~1\AppData\Local\Temp\yarn--1604412869208-0.083687300973883;C:\Users\v_zhtaozhou\projects\AppEditor\apps\nm-service\node_modules\.bin;C:\Users\v_zhtaozhou\AppData\Local\Yarn\Data\link\node_modules\.bin;C:\Program Files\libexec\lib\node_modules\npm\bin\node-gyp-bin;C:\Program Files\lib\node_modules\npm\bin\node-gyp-bin;C:\Program Files\nodejs\node_modules\npm\bin\node-gyp-bin;C:\Program Files\Git\mingw64\bin;C:\Program Files\Git\usr\bin;C:\Users\v_zhtaozhou\bin;C:\Program Files (x86)\Common Files\Oracle\Java\javapath;C:\Program Files (x86)\Common Files\Intel\Shared Libraries\redist\intel64_win\compiler;C:\VulkanSDK\1.2.135.0\Bin;C:\Python38\Scripts;C:\Python38;C:\windows\system32;C:\windows;C:\windows\System32\Wbem;C:\windows\System32\WindowsPowerShell\v1.0;C:\windows\System32\OpenSSH;C:\Program Files (x86)\NVIDIA Corporation\PhysX\Common;C:\Program Files\NVIDIA Corporation\NVIDIA NvDLISR;C:\Program Files\nodejs;C:\ProgramData\chocolatey\bin;C:\Program Files\Git\cmd;C:\Program Files (x86)\Yarn\bin;C:\Python27;C:\Program Files\Ninja;C:\Program Files\Nginx;C:\Users\v_zhtaozhou\AppData\Local\Microsoft\WindowsApps;C:\Users\v_zhtaozhou\AppData\Local\Programs\Microsoft VS Code\bin;C:\Users\v_zhtaozhou\AppData\Roaming\npm;C:\Program Files (x86)\CMake\bin;C:\Users\v_zhtaozhou\AppData\Local\Yarn\bin

Yarn version: 
  1.22.4

Node version: 
  12.17.0

Platform: 
  win32 x64

Trace: 
  Error: https://registry.yarnpkg.com/element-uixxx: Not found
      at Request.params.callback [as _callback] (C:\Program Files (x86)\Yarn\lib\cli.js:66096:18)
      at Request.self.callback (C:\Program Files (x86)\Yarn\lib\cli.js:140748:22)
      at Request.emit (events.js:315:20)
      at Request.<anonymous> (C:\Program Files (x86)\Yarn\lib\cli.js:141720:10)
      at Request.emit (events.js:315:20)
      at IncomingMessage.<anonymous> (C:\Program Files (x86)\Yarn\lib\cli.js:141642:12)
      at Object.onceWrapper (events.js:421:28)
      at IncomingMessage.emit (events.js:327:22)
      at endReadableNT (_stream_readable.js:1221:12)
      at processTicksAndRejections (internal/process/task_queues.js:84:21)

npm manifest: 
  {
  	"dependencies": {
  		"antd": "^4.8.0",
  		"element-ui2": "^0.0.2"
  	}
  }

yarn manifest: 
  No manifest

Lockfile: 
  # THIS IS AN AUTOGENERATED FILE. DO NOT EDIT THIS FILE DIRECTLY.
  # yarn lockfile v1
  
  
  "@ant-design/colors@^3.1.0":
    version "3.2.2"
    resolved "https://registry.yarnpkg.com/@ant-design/colors/-/colors-3.2.2.tgz#5ad43d619e911f3488ebac303d606e66a8423903"
    integrity sha512-YKgNbG2dlzqMhA9NtI3/pbY16m3Yl/EeWBRa+lB1X1YaYxHrxNexiQYCLTWO/uDvAjLFMEDU+zR901waBtMtjQ==
    dependencies:
      tinycolor2 "^1.4.1"
  
  "@ant-design/colors@^4.0.5":
    version "4.0.5"
    resolved "https://registry.yarnpkg.com/@ant-design/colors/-/colors-4.0.5.tgz#d7d100d7545cca8f624954604a6892fc48ba5aae"
    integrity sha512-3mnuX2prnWOWvpFTS2WH2LoouWlOgtnIpc6IarWN6GOzzLF8dW/U8UctuvIPhoboETehZfJ61XP+CGakBEPJ3Q==
    dependencies:
      tinycolor2 "^1.4.1"
  
  "@ant-design/css-animation@^1.7.2":
    version "1.7.3"
    resolved "https://registry.yarnpkg.com/@ant-design/css-animation/-/css-animation-1.7.3.tgz#60a1c970014e86b28f940510d69e503e428f1136"
    integrity sha512-LrX0OGZtW+W6iLnTAqnTaoIsRelYeuLZWsrmBJFUXDALQphPsN8cE5DCsmoSlL0QYb94BQxINiuS70Ar/8BNgA==
  
  "@ant-design/icons-svg@^4.0.0":
    version "4.1.0"
    resolved "https://registry.yarnpkg.com/@ant-design/icons-svg/-/icons-svg-4.1.0.tgz#480b025f4b20ef7fe8f47d4a4846e4fee84ea06c"
    integrity sha512-Fi03PfuUqRs76aI3UWYpP864lkrfPo0hluwGqh7NJdLhvH4iRDc3jbJqZIvRDLHKbXrvAfPPV3+zjUccfFvWOQ==
  
  "@ant-design/icons@^4.2.1", "@ant-design/icons@^4.2.2":
    version "4.2.2"
    resolved "https://registry.yarnpkg.com/@ant-design/icons/-/icons-4.2.2.tgz#6533c5a02aec49238ec4748074845ad7d85a4f5e"
    integrity sha512-DrVV+wcupnHS7PehJ6KiTcJtAR5c25UMgjGECCc6pUT9rsvw0AuYG+a4HDjfxEQuDqKTHwW+oX/nIvCymyLE8Q==
    dependencies:
      "@ant-design/colors" "^3.1.0"
      "@ant-design/icons-svg" "^4.0.0"
      "@babel/runtime" "^7.10.4"
      classnames "^2.2.6"
      insert-css "^2.0.0"
      rc-util "^5.0.1"
  
  "@ant-design/react-slick@~0.27.0":
    version "0.27.11"
    resolved "https://registry.yarnpkg.com/@ant-design/react-slick/-/react-slick-0.27.11.tgz#ce788312ed8e64fcba2f7bb4556f47486b407c6e"
    integrity sha512-KPJ1lleHW11bameFauI77Lb9N7O/4ulT1kplVdRQykWLv3oKVSGKVaekC3DM/Z0MYmKfCXCucpFnfgGMEHNM+w==
    dependencies:
      "@babel/runtime" "^7.10.4"
      classnames "^2.2.5"
      json2mq "^0.2.0"
      lodash "^4.17.15"
      resize-observer-polyfill "^1.5.0"
  
  "@babel/runtime@^7.10.1", "@babel/runtime@^7.10.2", "@babel/runtime@^7.10.4", "@babel/runtime@^7.11.1", "@babel/runtime@^7.11.2", "@babel/runtime@^7.8.4":
    version "7.12.1"
    resolved "https://registry.yarnpkg.com/@babel/runtime/-/runtime-7.12.1.tgz#b4116a6b6711d010b2dad3b7b6e43bf1b9954740"
    integrity sha512-J5AIf3vPj3UwXaAzb5j1xM4WAQDX3EMgemF8rjCP3SoW09LfRKAXQKt6CoVYl230P6iWdRcBbnLDDdnqWxZSCA==
    dependencies:
      regenerator-runtime "^0.13.4"
  
  add-dom-event-listener@^1.1.0:
    version "1.1.0"
    resolved "https://registry.yarnpkg.com/add-dom-event-listener/-/add-dom-event-listener-1.1.0.tgz#6a92db3a0dd0abc254e095c0f1dc14acbbaae310"
    integrity sha512-WCxx1ixHT0GQU9hb0KI/mhgRQhnU+U3GvwY6ZvVjYq8rsihIGoaIOUbY0yMPBxLH5MDtr0kz3fisWGNcbWW7Jw==
    dependencies:
      object-assign "4.x"
  
  antd@^4.8.0:
    version "4.8.0"
    resolved "https://registry.yarnpkg.com/antd/-/antd-4.8.0.tgz#198dc19028e7ae6e04d0714f6461d86c4812ff8c"
    integrity sha512-oqwcdCb9qBqLwcaKq03fOTIbX7fFHjLNoEKKOrHFYdlbxUdbhys1OBljZRyNiYb3V/7YdVKiS0UNvFjm+gil5w==
    dependencies:
      "@ant-design/colors" "^4.0.5"
      "@ant-design/css-animation" "^1.7.2"
      "@ant-design/icons" "^4.2.1"
      "@ant-design/react-slick" "~0.27.0"
      "@babel/runtime" "^7.11.2"
      array-tree-filter "^2.1.0"
      classnames "^2.2.6"
      copy-to-clipboard "^3.2.0"
      lodash "^4.17.20"
      moment "^2.25.3"
      omit.js "^2.0.2"
      raf "^3.4.1"
      rc-animate "~3.1.0"
      rc-cascader "~1.4.0"
      rc-checkbox "~2.3.0"
      rc-collapse "~2.0.0"
      rc-dialog "~8.4.0"
      rc-drawer "~4.1.0"
      rc-dropdown "~3.2.0"
      rc-field-form "~1.13.0"
      rc-image "~4.0.0"
      rc-input-number "~6.1.0"
      rc-mentions "~1.5.0"
      rc-menu "~8.8.2"
      rc-motion "^2.2.0"
      rc-notification "~4.5.2"
      rc-pagination "~3.1.0"
      rc-picker "~2.3.0"
      rc-progress "~3.1.0"
      rc-rate "~2.9.0"
      rc-resize-observer "^0.2.3"
      rc-select "~11.4.0"
      rc-slider "~9.6.1"
      rc-steps "~4.1.0"
      rc-switch "~3.2.0"
      rc-table "~7.11.0"
      rc-tabs "~11.7.0"
      rc-textarea "~0.3.0"
      rc-tooltip "~5.0.0"
      rc-tree "~3.11.0"
      rc-tree-select "~4.1.1"
      rc-trigger "~5.0.3"
      rc-upload "~3.3.1"
      rc-util "^5.1.0"
      scroll-into-view-if-needed "^2.2.25"
      warning "^4.0.3"
  
  array-tree-filter@^2.1.0:
    version "2.1.0"
    resolved "https://registry.yarnpkg.com/array-tree-filter/-/array-tree-filter-2.1.0.tgz#873ac00fec83749f255ac8dd083814b4f6329190"
    integrity sha512-4ROwICNlNw/Hqa9v+rk5h22KjmzB1JGTMVKP2AKJBOCgb0yL0ASf0+YvCcLNNwquOHNX48jkeZIJ3a+oOQqKcw==
  
  async-validator@^3.0.3:
    version "3.4.0"
    resolved "https://registry.yarnpkg.com/async-validator/-/async-validator-3.4.0.tgz#871b3e594124bf4c4eb7bcd1a9e78b44f3b09cae"
    integrity sha512-VrFk4eYiJAWKskEz115iiuCf9O0ftnMMPXrOFMqyzGH2KxO7YwncKyn/FgOOP+0MDHMfXL7gLExagCutaZGigA==
  
  async-validator@~1.8.1:
    version "1.8.5"
    resolved "https://registry.yarnpkg.com/async-validator/-/async-validator-1.8.5.tgz#dc3e08ec1fd0dddb67e60842f02c0cd1cec6d7f0"
    integrity sha512-tXBM+1m056MAX0E8TL2iCjg8WvSyXu0Zc8LNtYqrVeyoL3+esHRZ4SieE9fKQyyU09uONjnMEjrNBMqT0mbvmA==
    dependencies:
      babel-runtime "6.x"
  
  babel-helper-vue-jsx-merge-props@^2.0.0:
    version "2.0.3"
    resolved "https://registry.yarnpkg.com/babel-helper-vue-jsx-merge-props/-/babel-helper-vue-jsx-merge-props-2.0.3.tgz#22aebd3b33902328e513293a8e4992b384f9f1b6"
    integrity sha512-gsLiKK7Qrb7zYJNgiXKpXblxbV5ffSwR0f5whkPAaBAR4fhi6bwRZxX9wBlIc5M/v8CCkXUbXZL4N/nSE97cqg==
  
  babel-runtime@6.x:
    version "6.26.0"
    resolved "https://registry.yarnpkg.com/babel-runtime/-/babel-runtime-6.26.0.tgz#965c7058668e82b55d7bfe04ff2337bc8b5647fe"
    integrity sha1-llxwWGaOgrVde/4E/yM3vItWR/4=
    dependencies:
      core-js "^2.4.0"
      regenerator-runtime "^0.11.0"
  
  classnames@2.x, classnames@^2.2.1, classnames@^2.2.3, classnames@^2.2.5, classnames@^2.2.6:
    version "2.2.6"
    resolved "https://registry.yarnpkg.com/classnames/-/classnames-2.2.6.tgz#43935bffdd291f326dad0a205309b38d00f650ce"
    integrity sha512-JR/iSQOSt+LQIWwrwEzJ9uk0xfN3mTVYMwt1Ir5mUcSN6pU+V4zQFFaJsclJbPuAUQH+yfWef6tm7l1quW3C8Q==
  
  compute-scroll-into-view@^1.0.16:
    version "1.0.16"
    resolved "https://registry.yarnpkg.com/compute-scroll-into-view/-/compute-scroll-into-view-1.0.16.tgz#5b7bf4f7127ea2c19b750353d7ce6776a90ee088"
    integrity sha512-a85LHKY81oQnikatZYA90pufpZ6sQx++BoCxOEMsjpZx+ZnaKGQnCyCehTRr/1p9GBIAHTjcU9k71kSYWloLiQ==
  
  copy-to-clipboard@^3.2.0:
    version "3.3.1"
    resolved "https://registry.yarnpkg.com/copy-to-clipboard/-/copy-to-clipboard-3.3.1.tgz#115aa1a9998ffab6196f93076ad6da3b913662ae"
    integrity sha512-i13qo6kIHTTpCm8/Wup+0b1mVWETvu2kIMzKoK8FpkLkFxlt0znUAHcMzox+T8sPlqtZXq3CulEjQHsYiGFJUw==
    dependencies:
      toggle-selection "^1.0.6"
  
  core-js@^2.4.0:
    version "2.6.11"
    resolved "https://registry.yarnpkg.com/core-js/-/core-js-2.6.11.tgz#38831469f9922bded8ee21c9dc46985e0399308c"
    integrity sha512-5wjnpaT/3dV+XB4borEsnAYQchn00XSgTAWKDkEqv+K8KevjbzmofK6hfJ9TZIlpj2N0xQpazy7PiRQiWHqzWg==
  
  date-fns@^2.15.0:
    version "2.16.1"
    resolved "https://registry.yarnpkg.com/date-fns/-/date-fns-2.16.1.tgz#05775792c3f3331da812af253e1a935851d3834b"
    integrity sha512-sAJVKx/FqrLYHAQeN7VpJrPhagZc9R4ImZIWYRFZaaohR3KzmuK88touwsSwSVT8Qcbd4zoDsnGfX4GFB4imyQ==
  
  dayjs@^1.8.30:
    version "1.9.4"
    resolved "https://registry.yarnpkg.com/dayjs/-/dayjs-1.9.4.tgz#fcde984e227f4296f04e7b05720adad2e1071f1b"
    integrity sha512-ABSF3alrldf7nM9sQ2U+Ln67NRwmzlLOqG7kK03kck0mw3wlSSEKv/XhKGGxUjQcS57QeiCyNdrFgtj9nWlrng==
  
  deepmerge@^1.2.0:
    version "1.5.2"
    resolved "https://registry.yarnpkg.com/deepmerge/-/deepmerge-1.5.2.tgz#10499d868844cdad4fee0842df8c7f6f0c95a753"
    integrity sha512-95k0GDqvBjZavkuvzx/YqVLv/6YYa17fz6ILMSf7neqQITCPbnfEnQvEgMPNjH4kgobe7+WIL0yJEHku+H3qtQ==
  
  dom-align@^1.7.0:
    version "1.12.0"
    resolved "https://registry.yarnpkg.com/dom-align/-/dom-align-1.12.0.tgz#56fb7156df0b91099830364d2d48f88963f5a29c"
    integrity sha512-YkoezQuhp3SLFGdOlr5xkqZ640iXrnHAwVYcDg8ZKRUtO7mSzSC2BA5V0VuyAwPSJA4CLIc6EDDJh4bEsD2+zA==
  
  element-ui2@^0.0.2:
    version "0.0.2"
    resolved "https://registry.yarnpkg.com/element-ui2/-/element-ui2-0.0.2.tgz#985bc1c82c695942134119ee13288a3791daa276"
    integrity sha512-IbHx4SLAalVKGKE11g3/hKXTWJA297k5BlCynoybOzsrVnx0mfAOt55PrcOOguYb4J+RfwvswLK5FouIdiPvfA==
    dependencies:
      element-ui "^2.0.11"
  
  element-ui@^2.0.11:
    version "2.14.0"
    resolved "https://registry.yarnpkg.com/element-ui/-/element-ui-2.14.0.tgz#dcff2718fb485542ea5b5a1f5c0daf1113477b24"
    integrity sha512-dda4xw40HT7Xcx/7aV5METvGjwMumdd5D1B7vjhDkmqvJP/9IEqgL5VsYA4YXz+RUVqyxMByRwf1WedrICJTTQ==
    dependencies:
      async-validator "~1.8.1"
      babel-helper-vue-jsx-merge-props "^2.0.0"
      deepmerge "^1.2.0"
      normalize-wheel "^1.0.1"
      resize-observer-polyfill "^1.5.0"
      throttle-debounce "^1.0.1"
  
  hoist-non-react-statics@^3.3.2:
    version "3.3.2"
    resolved "https://registry.yarnpkg.com/hoist-non-react-statics/-/hoist-non-react-statics-3.3.2.tgz#ece0acaf71d62c2969c2ec59feff42a4b1a85b45"
    integrity sha512-/gGivxi8JPKWNm/W0jSmzcMPpfpPLc3dY/6GxhX2hQ9iGj3aDfklV4ET7NjKpSinLpJ5vafa9iiGIEZg10SfBw==
    dependencies:
      react-is "^16.7.0"
  
  insert-css@^2.0.0:
    version "2.0.0"
    resolved "https://registry.yarnpkg.com/insert-css/-/insert-css-2.0.0.tgz#eb5d1097b7542f4c79ea3060d3aee07d053880f4"
    integrity sha1-610Ql7dUL0x56jBg067gfQU4gPQ=
  
  "js-tokens@^3.0.0 || ^4.0.0":
    version "4.0.0"
    resolved "https://registry.yarnpkg.com/js-tokens/-/js-tokens-4.0.0.tgz#19203fb59991df98e3a287050d4647cdeaf32499"
    integrity sha512-RdJUflcE3cUzKiMqQgsCu06FPu9UdIJO0beYbPhHN4k6apgJtifcoCtT9bcxOpYBtpD2kCM6Sbzg4CausW/PKQ==
  
  json2mq@^0.2.0:
    version "0.2.0"
    resolved "https://registry.yarnpkg.com/json2mq/-/json2mq-0.2.0.tgz#b637bd3ba9eabe122c83e9720483aeb10d2c904a"
    integrity sha1-tje9O6nqvhIsg+lyBIOusQ0skEo=
    dependencies:
      string-convert "^0.2.0"
  
  lodash@^4.17.15, lodash@^4.17.20:
    version "4.17.20"
    resolved "https://registry.yarnpkg.com/lodash/-/lodash-4.17.20.tgz#b44a9b6297bcb698f1c51a3545a2b3b368d59c52"
    integrity sha512-PlhdFcillOINfeV7Ni6oF1TAEayyZBoZ8bcshTHqOYJYlrqzRK5hagpagky5o4HfCzzd1TRkXPMFq6cKk9rGmA==
  
  loose-envify@^1.0.0, loose-envify@^1.4.0:
    version "1.4.0"
    resolved "https://registry.yarnpkg.com/loose-envify/-/loose-envify-1.4.0.tgz#71ee51fa7be4caec1a63839f7e682d8132d30caf"
    integrity sha512-lyuxPGr/Wfhrlem2CL/UcnUc1zcqKAImBDzukY7Y5F/yQiNdko6+fRLevlw1HgMySw7f611UIY408EtxRSoK3Q==
    dependencies:
      js-tokens "^3.0.0 || ^4.0.0"
  
  mini-store@^3.0.1:
    version "3.0.6"
    resolved "https://registry.yarnpkg.com/mini-store/-/mini-store-3.0.6.tgz#44b86be5b2877271224ce0689b3a35a2dffb1ca9"
    integrity sha512-YzffKHbYsMQGUWQRKdsearR79QsMzzJcDDmZKlJBqt5JNkqpyJHYlK6gP61O36X+sLf76sO9G6mhKBe83gIZIQ==
    dependencies:
      hoist-non-react-statics "^3.3.2"
      shallowequal "^1.0.2"
  
  moment@^2.24.0, moment@^2.25.3:
    version "2.29.1"
    resolved "https://registry.yarnpkg.com/moment/-/moment-2.29.1.tgz#b2be769fa31940be9eeea6469c075e35006fa3d3"
    integrity sha512-kHmoybcPV8Sqy59DwNDY3Jefr64lK/by/da0ViFcuA4DH0vQg5Q6Ze5VimxkfQNSC+Mls/Kx53s7TjP1RhFEDQ==
  
  normalize-wheel@^1.0.1:
    version "1.0.1"
    resolved "https://registry.yarnpkg.com/normalize-wheel/-/normalize-wheel-1.0.1.tgz#aec886affdb045070d856447df62ecf86146ec45"
    integrity sha1-rsiGr/2wRQcNhWRH32Ls+GFG7EU=
  
  object-assign@4.x, object-assign@^4.1.1:
    version "4.1.1"
    resolved "https://registry.yarnpkg.com/object-assign/-/object-assign-4.1.1.tgz#2109adc7965887cfc05cbbd442cac8bfbb360863"
    integrity sha1-IQmtx5ZYh8/AXLvUQsrIv7s2CGM=
  
  omit.js@^2.0.0, omit.js@^2.0.2:
    version "2.0.2"
    resolved "https://registry.yarnpkg.com/omit.js/-/omit.js-2.0.2.tgz#dd9b8436fab947a5f3ff214cb2538631e313ec2f"
    integrity sha512-hJmu9D+bNB40YpL9jYebQl4lsTW6yEHRTroJzNLqQJYHm7c+NQnJGfZmIWh8S3q3KoaxV1aLhV6B3+0N0/kyJg==
  
  performance-now@^2.1.0:
    version "2.1.0"
    resolved "https://registry.yarnpkg.com/performance-now/-/performance-now-2.1.0.tgz#6309f4e0e5fa913ec1c69307ae364b4b377c9e7b"
    integrity sha1-Ywn04OX6kT7BxpMHrjZLSzd8nns=
  
  prop-types@^15.5.10:
    version "15.7.2"
    resolved "https://registry.yarnpkg.com/prop-types/-/prop-types-15.7.2.tgz#52c41e75b8c87e72b9d9360e0206b99dcbffa6c5"
    integrity sha512-8QQikdH7//R2vurIJSutZ1smHYTcLpRWEOlHnzcWHmBYrOGUysKwSsrC89BCiFj3CbrfJ/nXFdJepOVrY1GCHQ==
    dependencies:
      loose-envify "^1.4.0"
      object-assign "^4.1.1"
      react-is "^16.8.1"
  
  raf@^3.4.0, raf@^3.4.1:
    version "3.4.1"
    resolved "https://registry.yarnpkg.com/raf/-/raf-3.4.1.tgz#0742e99a4a6552f445d73e3ee0328af0ff1ede39"
    integrity sha512-Sq4CW4QhwOHE8ucn6J34MqtZCeWFP2aQSmrlroYgqAV1PjStIhJXxYuTgUIfkEk7zTLjmIjLmU5q+fbD1NnOJA==
    dependencies:
      performance-now "^2.1.0"
  
  rc-align@^4.0.0:
    version "4.0.8"
    resolved "https://registry.yarnpkg.com/rc-align/-/rc-align-4.0.8.tgz#276c3f5dfadf0de4bb95392cb81568c9e947a668"
    integrity sha512-2sRUkmB8z4UEXzaS+lDHzXMoR8HrtKH9nn2yHlHVNyUTnaucjMFbdEoCk+hO1g7cpIgW0MphG8i0EH2scSesfw==
    dependencies:
      "@babel/runtime" "^7.10.1"
      classnames "2.x"
      dom-align "^1.7.0"
      rc-util "^5.3.0"
      resize-observer-polyfill "^1.5.1"
  
  rc-animate@3.x, rc-animate@~3.1.0:
    version "3.1.1"
    resolved "https://registry.yarnpkg.com/rc-animate/-/rc-animate-3.1.1.tgz#defdd863f56816c222534e4dc68feddecd081386"
    integrity sha512-8wg2Zg3EETy0k/9kYuis30NJNQg1D6/WSQwnCiz6SvyxQXNet/rVraRz3bPngwY6rcU2nlRvoShiYOorXyF7Sg==
    dependencies:
      "@ant-design/css-animation" "^1.7.2"
      classnames "^2.2.6"
      raf "^3.4.0"
      rc-util "^4.15.3"
  
  rc-cascader@~1.4.0:
    version "1.4.0"
    resolved "https://registry.yarnpkg.com/rc-cascader/-/rc-cascader-1.4.0.tgz#d731ea8e07433558627941036091a2820e895474"
    integrity sha512-6kgQljDQEKjVAVRkZtvvoi+2qv4u42M6oLuvt4ZDBa16r3X9ZN8TAq3atVyC840ivbGKlHT50OcdVx/iwiHc1w==
    dependencies:
      array-tree-filter "^2.1.0"
      rc-trigger "^5.0.4"
      rc-util "^5.0.1"
      warning "^4.0.1"
  
  rc-checkbox@~2.3.0:
    version "2.3.1"
    resolved "https://registry.yarnpkg.com/rc-checkbox/-/rc-checkbox-2.3.1.tgz#2a61bc43017c783bd2e9f1a67553bf8efe7aa4d3"
    integrity sha512-i290/iTqmZ0WtI2UPIryqT9rW6O99+an4KeZIyZDH3r+Jbb6YdddaWNdzq7g5m9zaNhJvgjf//wJtC4fvve2Tg==
    dependencies:
      "@babel/runtime" "^7.10.1"
      classnames "^2.2.1"
  
  rc-collapse@~2.0.0:
    version "2.0.1"
    resolved "https://registry.yarnpkg.com/rc-collapse/-/rc-collapse-2.0.1.tgz#99e7655acd9c237b72369a39dcb5c713451e1e92"
    integrity sha512-sRNqwQovzQoptTh7dCwj3kfxrdor2oNXrGSBz+QJxSFS7N3Ujgf8X/KlN2ElCkwBKf7nNv36t9dwH0HEku4wJg==
    dependencies:
      "@ant-design/css-animation" "^1.7.2"
      classnames "2.x"
      rc-animate "3.x"
      rc-util "^5.2.1"
      shallowequal "^1.1.0"
  
  rc-dialog@~8.4.0:
    version "8.4.3"
    resolved "https://registry.yarnpkg.com/rc-dialog/-/rc-dialog-8.4.3.tgz#de8650ce7d1fcb6c1f7e065b94a6894b9a5a54a4"
    integrity sha512-LHsWXb+2Cy4vEOeJcPvk9M0WSr80Gi438ov5rXt3E6XB4j+53Z+vMFRr+TagnVuOVQRCLmmzT4qutfm2U1OK6w==
    dependencies:
      "@babel/runtime" "^7.10.1"
      classnames "^2.2.6"
      rc-motion "^2.3.0"
      rc-util "^5.0.1"
  
  rc-drawer@~4.1.0:
    version "4.1.0"
    resolved "https://registry.yarnpkg.com/rc-drawer/-/rc-drawer-4.1.0.tgz#d7bf0bc030300b62d282bc04e053b9acad6b08b4"
    integrity sha512-kjeQFngPjdzAFahNIV0EvEBoIKMOnvUsAxpkSPELoD/1DuR4nLafom5ryma+TIxGwkFJ92W6yjsMi1U9aiOTeQ==
    dependencies:
      "@babel/runtime" "^7.10.1"
      classnames "^2.2.6"
      rc-util "^5.0.1"
  
  rc-dropdown@^3.1.3, rc-dropdown@~3.2.0:
    version "3.2.0"
    resolved "https://registry.yarnpkg.com/rc-dropdown/-/rc-dropdown-3.2.0.tgz#da6c2ada403842baee3a9e909a0b1a91ba3e1090"
    integrity sha512-j1HSw+/QqlhxyTEF6BArVZnTmezw2LnSmRk6I9W7BCqNCKaRwleRmMMs1PHbuaG8dKHVqP6e21RQ7vPBLVnnNw==
    dependencies:
      "@babel/runtime" "^7.10.1"
      classnames "^2.2.6"
      rc-trigger "^5.0.4"
  
  rc-field-form@~1.13.0:
    version "1.13.0"
    resolved "https://registry.yarnpkg.com/rc-field-form/-/rc-field-form-1.13.0.tgz#817ca00c28690e540b951b373f53b6e9b6bf4a31"
    integrity sha512-kxhclPHizffWscGU5w/zkyKAadRHEX0RGm80kE/ULV2Qxof7xF4FaCh/TOownPvUnaH8YrkwapUvvxtBSroJGw==
    dependencies:
      "@babel/runtime" "^7.8.4"
      async-validator "^3.0.3"
      rc-util "^5.0.0"
  
  rc-image@~4.0.0:
    version "4.0.1"
    resolved "https://registry.yarnpkg.com/rc-image/-/rc-image-4.0.1.tgz#b54534684a01dcf8cb477f5ac6dda72545a9541f"
    integrity sha512-1GxjwgtONtJjlvd7sM9VSLTAlDQhkqHI0wl72YSDpdm24w5zmDsTYLgTNh/vToFa9qAml10Gaidy03qpkTAQ+A==
    dependencies:
      "@ant-design/icons" "^4.2.2"
      "@babel/runtime" "^7.11.2"
      classnames "^2.2.6"
      rc-dialog "~8.4.0"
      rc-util "^5.0.6"
  
  rc-input-number@~6.1.0:
    version "6.1.1"
    resolved "https://registry.yarnpkg.com/rc-input-number/-/rc-input-number-6.1.1.tgz#818c426942d1b4dc4d6d2639d741ca67773a9118"
    integrity sha512-9t2xf1G0YEism7FAXAvF1huBk7ZNABPBf6NL+3/aDL123WiT/vhhod4cldiDWTM1Yb2EDKR//ZIa546ScdsUaA==
    dependencies:
      "@babel/runtime" "^7.10.1"
      classnames "^2.2.5"
      rc-util "^5.0.1"
  
  rc-mentions@~1.5.0:
    version "1.5.2"
    resolved "https://registry.yarnpkg.com/rc-mentions/-/rc-mentions-1.5.2.tgz#94559a369de73e7cc92f343badaf94499fb410a7"
    integrity sha512-GqV0tOtHY3pLpOsFCxJ2i6Ad8AVfxFmz0NlD/8rb8IG8pMpthJKcdfnXlNZRx3Fa9O4YEgJpdSY1WEbmlx2DWQ==
    dependencies:
      "@babel/runtime" "^7.10.1"
      classnames "^2.2.6"
      rc-menu "^8.0.1"
      rc-textarea "^0.3.0"
      rc-trigger "^5.0.4"
      rc-util "^5.0.1"
  
  rc-menu@^8.0.1, rc-menu@^8.6.1:
    version "8.9.0"
    resolved "https://registry.yarnpkg.com/rc-menu/-/rc-menu-8.9.0.tgz#28957010f72ae8cc1a6f7a98282e13146b45050d"
    integrity sha512-lWyUZsyKyLOqTLnJRZoAsfpNbeKyZxJ7iTptnYkYVkcOzIomNnbHvX37VZuiRdC+d5E7TIUGdLZvRyr3xAHsbw==
    dependencies:
      "@babel/runtime" "^7.10.1"
      classnames "2.x"
      mini-store "^3.0.1"
      omit.js "^2.0.0"
      rc-motion "^2.0.1"
      rc-trigger "^5.0.4"
      rc-util "^5.0.1"
      resize-observer-polyfill "^1.5.0"
      shallowequal "^1.1.0"
  
  rc-menu@~8.8.2:
    version "8.8.3"
    resolved "https://registry.yarnpkg.com/rc-menu/-/rc-menu-8.8.3.tgz#feb8ba0371dd342fbf1052d4fcca7b669b0bf66a"
    integrity sha512-C9sT0SBXmUbVWRUseXASousacRVPnOm5aXdyJR569WIvZwbs2IncpGNmAcft1R5ZuFE3Y+SZZ5FYvtGtbCzkIQ==
    dependencies:
      "@babel/runtime" "^7.10.1"
      classnames "2.x"
      mini-store "^3.0.1"
      omit.js "^2.0.0"
      rc-motion "^2.0.1"
      rc-trigger "^5.0.4"
      rc-util "^5.0.1"
      resize-observer-polyfill "^1.5.0"
      shallowequal "^1.1.0"
  
  rc-motion@^2.0.0, rc-motion@^2.0.1, rc-motion@^2.2.0, rc-motion@^2.3.0:
    version "2.3.4"
    resolved "https://registry.yarnpkg.com/rc-motion/-/rc-motion-2.3.4.tgz#69fe1313754ee1e746e42ec971e361cbc755456e"
    integrity sha512-La9JjfM58Vrwds1wM9OAkRTWsGeVqNnftI1YFti2WtaA2Ernk2vjbVio9hGbzhF0EvGrEvrzS96Mx/6lGT6Z0w==
    dependencies:
      "@babel/runtime" "^7.11.1"
      classnames "^2.2.1"
      rc-util "^5.2.1"
  
  rc-notification@~4.5.2:
    version "4.5.4"
    resolved "https://registry.yarnpkg.com/rc-notification/-/rc-notification-4.5.4.tgz#1292e163003db4b9162c856a4630e5d0f1359356"
    integrity sha512-VsN0ouF4uglE5g3C9oDsXLNYX0Sz++ZNUFYCswkxhpImYJ9u6nJOpyA71uOYDVCu6bAF54Y5Hi/b+EcnMzkepg==
    dependencies:
      "@babel/runtime" "^7.10.1"
      classnames "2.x"
      rc-motion "^2.2.0"
      rc-util "^5.0.1"
  
  rc-pagination@~3.1.0:
    version "3.1.1"
    resolved "https://registry.yarnpkg.com/rc-pagination/-/rc-pagination-3.1.1.tgz#6a3b28f871181b7fad298a15a91f1de6f6e6304a"
    integrity sha512-8chFRHXRXRhdPO2Tlmm4hnA/1FnO2hYSoop6FaukQ9/IaCugsVVcXo7OqZ03YJY+aWQLtS6tDsb+sAapCCmljw==
    dependencies:
      "@babel/runtime" "^7.10.1"
      classnames "^2.2.1"
  
  rc-picker@~2.3.0:
    version "2.3.3"
    resolved "https://registry.yarnpkg.com/rc-picker/-/rc-picker-2.3.3.tgz#c58c4270891f92aad02d0404d1699285f9321fd9"
    integrity sha512-ah4ucCnAs8ss7GgV7sF7MGgRlyfP4753z+OjnF4X7cIrntygklQqiFDBZYS02RX773vhJ+jc6AbyoR7hI4aGng==
    dependencies:
      "@babel/runtime" "^7.10.1"
      classnames "^2.2.1"
      date-fns "^2.15.0"
      dayjs "^1.8.30"
      moment "^2.24.0"
      rc-trigger "^5.0.4"
      rc-util "^5.4.0"
      shallowequal "^1.1.0"
  
  rc-progress@~3.1.0:
    version "3.1.1"
    resolved "https://registry.yarnpkg.com/rc-progress/-/rc-progress-3.1.1.tgz#f7ba5eb33cc438862513ab5a71739feaf6b3ef4f"
    integrity sha512-1ns3pW7ll9bHfdXtlVLF+vngdvlxiCDtiqwXnZFEdurst11JTiPxVdeqnCNbhWx5hP4kCKkAPqG1N0FVfTSUGA==
    dependencies:
      "@babel/runtime" "^7.10.1"
      classnames "^2.2.6"
  
  rc-rate@~2.9.0:
    version "2.9.0"
    resolved "https://registry.yarnpkg.com/rc-rate/-/rc-rate-2.9.0.tgz#33b07732e2f145ce1cbc2c46d8ede84319eefe6d"
    integrity sha512-DqXWWpA3+oQfHVBYfk5Myhl1YoNYYX9roYYIF7mLiDBI5SCErOYpLaCV8PdZ3IUN+F0AtejXxy4fuHgp1cDtwQ==
    dependencies:
      "@babel/runtime" "^7.10.1"
      classnames "^2.2.5"
      rc-util "^5.0.1"
  
  rc-resize-observer@^0.2.0, rc-resize-observer@^0.2.1, rc-resize-observer@^0.2.3:
    version "0.2.6"
    resolved "https://registry.yarnpkg.com/rc-resize-observer/-/rc-resize-observer-0.2.6.tgz#c1b642f6d1293e34c4e3715f47f69443a167b825"
    integrity sha512-YX6nYnd6fk7zbuvT6oSDMKiZjyngjHoy+fz+vL3Tez38d/G5iGdaDJa2yE7345G6sc4Mm1IGRUIwclvltddhmA==
    dependencies:
      "@babel/runtime" "^7.10.1"
      classnames "^2.2.1"
      rc-util "^5.0.0"
      resize-observer-polyfill "^1.5.1"
  
  rc-select@^11.1.1, rc-select@~11.4.0:
    version "11.4.2"
    resolved "https://registry.yarnpkg.com/rc-select/-/rc-select-11.4.2.tgz#5b431ee7b2cc6e439886ca855774fc116e6fe6fb"
    integrity sha512-DQHYwMcvAajnnlahKkYIW47AVTXgxpGj9CWbe+juXgvxawQRFUdd8T8L2Q05aOkMy02UTG0Qrs7EZfHmn5QHbA==
    dependencies:
      "@babel/runtime" "^7.10.1"
      classnames "2.x"
      rc-motion "^2.0.1"
      rc-trigger "^5.0.4"
      rc-util "^5.0.1"
      rc-virtual-list "^3.2.0"
      warning "^4.0.3"
  
  rc-slider@~9.6.1:
    version "9.6.1"
    resolved "https://registry.yarnpkg.com/rc-slider/-/rc-slider-9.6.1.tgz#bfa8b3dc3b5d2c4600889af47a72f678d8878805"
    integrity sha512-pUXMLf5Ha3yS45ApwMYksmTNEH3M3+v8+bvm81eCUqO7sGQYHRPOsvmM78VRJyIlHiXp7H/QRcqvoPVrCyvSUw==
    dependencies:
      "@babel/runtime" "^7.10.1"
      classnames "^2.2.5"
      rc-tooltip "^5.0.1"
      rc-util "^5.0.0"
      shallowequal "^1.1.0"
  
  rc-steps@~4.1.0:
    version "4.1.3"
    resolved "https://registry.yarnpkg.com/rc-steps/-/rc-steps-4.1.3.tgz#208580e22db619e3830ddb7fa41bc886c65d9803"
    integrity sha512-GXrMfWQOhN3sVze3JnzNboHpQdNHcdFubOETUHyDpa/U3HEKBZC3xJ8XK4paBgF4OJ3bdUVLC+uBPc6dCxvDYA==
    dependencies:
      "@babel/runtime" "^7.10.2"
      classnames "^2.2.3"
      rc-util "^5.0.1"
  
  rc-switch@~3.2.0:
    version "3.2.2"
    resolved "https://registry.yarnpkg.com/rc-switch/-/rc-switch-3.2.2.tgz#d001f77f12664d52595b4f6fb425dd9e66fba8e8"
    integrity sha512-+gUJClsZZzvAHGy1vZfnwySxj+MjLlGRyXKXScrtCTcmiYNPzxDFOxdQ/3pK1Kt/0POvwJ/6ALOR8gwdXGhs+A==
    dependencies:
      "@babel/runtime" "^7.10.1"
      classnames "^2.2.1"
      rc-util "^5.0.1"
  
  rc-table@~7.11.0:
    version "7.11.1"
    resolved "https://registry.yarnpkg.com/rc-table/-/rc-table-7.11.1.tgz#b31f548feeb0fc03a2b650cb1fedbed0a8926bb7"
    integrity sha512-Xq7ibC/a2kj8ywLeKhGcv689JZaldjPxxe15h89qGho6/sR9YkIUD07KjLCGFaJ0LkhGBNY1XYv2VOUFGOQuYg==
    dependencies:
      "@babel/runtime" "^7.10.1"
      classnames "^2.2.5"
      rc-resize-observer "^0.2.0"
      rc-util "^5.4.0"
      shallowequal "^1.1.0"
  
  rc-tabs@~11.7.0:
    version "11.7.0"
    resolved "https://registry.yarnpkg.com/rc-tabs/-/rc-tabs-11.7.0.tgz#e03a03fbf5b8d04a1c9f12f24a621b1d7ff6a093"
    integrity sha512-nYwQcgML2drM0iau4aa6HI4qyyZSW0WpspCAtO5KGjXwHzUJcvv3qgLVuoQOWQaDDHXkI9Jj8U7Y/Hcrdyj1Kw==
    dependencies:
      "@babel/runtime" "^7.11.2"
      classnames "2.x"
      raf "^3.4.1"
      rc-dropdown "^3.1.3"
      rc-menu "^8.6.1"
      rc-resize-observer "^0.2.1"
      rc-util "^5.0.0"
  
  rc-textarea@^0.3.0, rc-textarea@~0.3.0:
    version "0.3.1"
    resolved "https://registry.yarnpkg.com/rc-textarea/-/rc-textarea-0.3.1.tgz#e81e1ef6f0e29729f9f80bb266cf6769dd7ab69a"
    integrity sha512-bO5Ol5uD6A++aWI6BJ0Pa/8OZcGeacP9LxIGkUqkCwPyOG3kaLOsWb8ya4xCfrsC2P4vDTsHsJmmmG5wuXGFRg==
    dependencies:
      "@babel/runtime" "^7.10.1"
      classnames "^2.2.1"
      omit.js "^2.0.0"
      rc-resize-observer "^0.2.3"
  
  rc-tooltip@^5.0.1, rc-tooltip@~5.0.0:
    version "5.0.1"
    resolved "https://registry.yarnpkg.com/rc-tooltip/-/rc-tooltip-5.0.1.tgz#b82c4259604d2cb62ca610ed7932dd37fc6ef61d"
    integrity sha512-3AnxhUS0j74xAV3khrKw8o6rg+Ima3nw09DJBezMPnX3ImQUAnayWsPSlN1mEnihjA43rcFkGM1emiKE+CXyMQ==
    dependencies:
      "@babel/runtime" "^7.11.2"
      rc-trigger "^5.0.0"
  
  rc-tree-select@~4.1.1:
    version "4.1.2"
    resolved "https://registry.yarnpkg.com/rc-tree-select/-/rc-tree-select-4.1.2.tgz#bf012c3c32cf2e82fc7ffbdd60cb596163a290a0"
    integrity sha512-2tRwZ4ChY+BarVKHoPR65kSZtopgwKCig6ngJiiTVgYfRdAhfdQp2j2+L8YW9TkosYGmwgTOhmlphlG3QNy7Pg==
    dependencies:
      "@babel/runtime" "^7.10.1"
      classnames "2.x"
      rc-select "^11.1.1"
      rc-tree "^3.8.0"
      rc-util "^5.0.5"
  
  rc-tree@^3.8.0, rc-tree@~3.11.0:
    version "3.11.0"
    resolved "https://registry.yarnpkg.com/rc-tree/-/rc-tree-3.11.0.tgz#87edf01842bd88a05519e30dd7312bee3f7e2618"
    integrity sha512-3RxA6fckbzX7WOk7g4gvO6AOad0znc8QW2nsv1IXSiljQaIMiyx1AK0zhzIEtABgWKbIs9QkhnBvIAHS4Rn9LA==
    dependencies:
      "@babel/runtime" "^7.10.1"
      classnames "2.x"
      rc-motion "^2.0.1"
      rc-util "^5.0.0"
      rc-virtual-list "^3.0.1"
  
  rc-trigger@^5.0.0, rc-trigger@^5.0.4, rc-trigger@~5.0.3:
    version "5.0.9"
    resolved "https://registry.yarnpkg.com/rc-trigger/-/rc-trigger-5.0.9.tgz#6956c31ab1a2def65f0630957ea75bdaa4b2cc4c"
    integrity sha512-N+q/ur2dpJSPDWbZQ34ztpGorms1QIphtmFpxKE5z+wMJw2BIASkMDEfwHJ/ssvZQxScjQza0/eQ0CWUI0e+EQ==
    dependencies:
      "@babel/runtime" "^7.11.2"
      classnames "^2.2.6"
      rc-align "^4.0.0"
      rc-motion "^2.0.0"
      rc-util "^5.3.4"
  
  rc-upload@~3.3.1:
    version "3.3.1"
    resolved "https://registry.yarnpkg.com/rc-upload/-/rc-upload-3.3.1.tgz#ad8658b2a796031930b35d2b07ab312b7cd4c9ed"
    integrity sha512-KWkJbVM9BwU8qi/2jZwmZpAcdRzDkuyfn/yAOLu+nm47dyd6//MtxzQD3XZDFkC6jQ6D5FmlKn6DhmOfV3v43w==
    dependencies:
      "@babel/runtime" "^7.10.1"
      classnames "^2.2.5"
      rc-util "^5.2.0"
  
  rc-util@^4.15.3:
    version "4.21.1"
    resolved "https://registry.yarnpkg.com/rc-util/-/rc-util-4.21.1.tgz#88602d0c3185020aa1053d9a1e70eac161becb05"
    integrity sha512-Z+vlkSQVc1l8O2UjR3WQ+XdWlhj5q9BMQNLk2iOBch75CqPfrJyGtcWMcnhRlNuDu0Ndtt4kLVO8JI8BrABobg==
    dependencies:
      add-dom-event-listener "^1.1.0"
      prop-types "^15.5.10"
      react-is "^16.12.0"
      react-lifecycles-compat "^3.0.4"
      shallowequal "^1.1.0"
  
  rc-util@^5.0.0, rc-util@^5.0.1, rc-util@^5.0.5, rc-util@^5.0.6, rc-util@^5.0.7, rc-util@^5.1.0, rc-util@^5.2.0, rc-util@^5.2.1, rc-util@^5.3.0, rc-util@^5.3.4, rc-util@^5.4.0:
    version "5.4.0"
    resolved "https://registry.yarnpkg.com/rc-util/-/rc-util-5.4.0.tgz#688eaeecfdae9dae2bfdf10bedbe884591dba004"
    integrity sha512-kXDn1JyLJTAWLBFt+fjkTcUtXhxKkipQCobQmxIEVrX62iXgo24z8YKoWehWfMxPZFPE+RXqrmEu9j5kHz/Lrg==
    dependencies:
      react-is "^16.12.0"
      shallowequal "^1.1.0"
  
  rc-virtual-list@^3.0.1, rc-virtual-list@^3.2.0:
    version "3.2.2"
    resolved "https://registry.yarnpkg.com/rc-virtual-list/-/rc-virtual-list-3.2.2.tgz#95f8f0c4238e081f4a998354492632eed6d71924"
    integrity sha512-OepvZDQGUbQQBFk5m2Ds32rfO/tSj9gZkLbzwaIw/hwGgvatDmW+j97YQvFkUQp/XDgdSGcfFfj/6XTKpz0J4g==
    dependencies:
      classnames "^2.2.6"
      rc-resize-observer "^0.2.3"
      rc-util "^5.0.7"
  
  react-is@^16.12.0, react-is@^16.7.0, react-is@^16.8.1:
    version "16.13.1"
    resolved "https://registry.yarnpkg.com/react-is/-/react-is-16.13.1.tgz#789729a4dc36de2999dc156dd6c1d9c18cea56a4"
    integrity sha512-24e6ynE2H+OKt4kqsOvNd8kBpV65zoxbA4BVsEOB3ARVWQki/DHzaUoC5KuON/BiccDaCCTZBuOcfZs70kR8bQ==
  
  react-lifecycles-compat@^3.0.4:
    version "3.0.4"
    resolved "https://registry.yarnpkg.com/react-lifecycles-compat/-/react-lifecycles-compat-3.0.4.tgz#4f1a273afdfc8f3488a8c516bfda78f872352362"
    integrity sha512-fBASbA6LnOU9dOU2eW7aQ8xmYBSXUIWr+UmF9b1efZBazGNO+rcXT/icdKnYm2pTwcRylVUYwW7H1PHfLekVzA==
  
  regenerator-runtime@^0.11.0:
    version "0.11.1"
    resolved "https://registry.yarnpkg.com/regenerator-runtime/-/regenerator-runtime-0.11.1.tgz#be05ad7f9bf7d22e056f9726cee5017fbf19e2e9"
    integrity sha512-MguG95oij0fC3QV3URf4V2SDYGJhJnJGqvIIgdECeODCT98wSWDAJ94SSuVpYQUoTcGUIL6L4yNB7j1DFFHSBg==
  
  regenerator-runtime@^0.13.4:
    version "0.13.7"
    resolved "https://registry.yarnpkg.com/regenerator-runtime/-/regenerator-runtime-0.13.7.tgz#cac2dacc8a1ea675feaabaeb8ae833898ae46f55"
    integrity sha512-a54FxoJDIr27pgf7IgeQGxmqUNYrcV338lf/6gH456HZ/PhX+5BcwHXG9ajESmwe6WRO0tAzRUrRmNONWgkrew==
  
  resize-observer-polyfill@^1.5.0, resize-observer-polyfill@^1.5.1:
    version "1.5.1"
    resolved "https://registry.yarnpkg.com/resize-observer-polyfill/-/resize-observer-polyfill-1.5.1.tgz#0e9020dd3d21024458d4ebd27e23e40269810464"
    integrity sha512-LwZrotdHOo12nQuZlHEmtuXdqGoOD0OhaxopaNFxWzInpEgaLWoVuAMbTzixuosCx2nEG58ngzW3vxdWoxIgdg==
  
  scroll-into-view-if-needed@^2.2.25:
    version "2.2.26"
    resolved "https://registry.yarnpkg.com/scroll-into-view-if-needed/-/scroll-into-view-if-needed-2.2.26.tgz#e4917da0c820135ff65ad6f7e4b7d7af568c4f13"
    integrity sha512-SQ6AOKfABaSchokAmmaxVnL9IArxEnLEX9j4wAZw+x4iUTb40q7irtHG3z4GtAWz5veVZcCnubXDBRyLVQaohw==
    dependencies:
      compute-scroll-into-view "^1.0.16"
  
  shallowequal@^1.0.2, shallowequal@^1.1.0:
    version "1.1.0"
    resolved "https://registry.yarnpkg.com/shallowequal/-/shallowequal-1.1.0.tgz#188d521de95b9087404fd4dcb68b13df0ae4e7f8"
    integrity sha512-y0m1JoUZSlPAjXVtPPW70aZWfIL/dSP7AFkRnniLCrK/8MDKog3TySTBmckD+RObVxH0v4Tox67+F14PdED2oQ==
  
  string-convert@^0.2.0:
    version "0.2.1"
    resolved "https://registry.yarnpkg.com/string-convert/-/string-convert-0.2.1.tgz#6982cc3049fbb4cd85f8b24568b9d9bf39eeff97"
    integrity sha1-aYLMMEn7tM2F+LJFaLnZvznu/5c=
  
  throttle-debounce@^1.0.1:
    version "1.1.0"
    resolved "https://registry.yarnpkg.com/throttle-debounce/-/throttle-debounce-1.1.0.tgz#51853da37be68a155cb6e827b3514a3c422e89cd"
    integrity sha512-XH8UiPCQcWNuk2LYePibW/4qL97+ZQ1AN3FNXwZRBNPPowo/NRU5fAlDCSNBJIYCKbioZfuYtMhG4quqoJhVzg==
  
  tinycolor2@^1.4.1:
    version "1.4.2"
    resolved "https://registry.yarnpkg.com/tinycolor2/-/tinycolor2-1.4.2.tgz#3f6a4d1071ad07676d7fa472e1fac40a719d8803"
    integrity sha512-vJhccZPs965sV/L2sU4oRQVAos0pQXwsvTLkWYdqJ+a8Q5kPFzJTuOFwy7UniPli44NKQGAglksjvOcpo95aZA==
  
  toggle-selection@^1.0.6:
    version "1.0.6"
    resolved "https://registry.yarnpkg.com/toggle-selection/-/toggle-selection-1.0.6.tgz#6e45b1263f2017fa0acc7d89d78b15b8bf77da32"
    integrity sha1-bkWxJj8gF/oKzH2J14sVuL932jI=
  
  warning@^4.0.1, warning@^4.0.3:
    version "4.0.3"
    resolved "https://registry.yarnpkg.com/warning/-/warning-4.0.3.tgz#16e9e077eb8a86d6af7d64aa1e05fd85b4678ca3"
    integrity sha512-rpJyN222KWIvHJ/F53XSZv0Zl/accqHR8et1kpaMTD/fLCRxtV8iX8czMzY7sVZupTI3zcUTg8eycS2kNF9l6w==
    dependencies:
      loose-envify "^1.0.0"
